#
# A fatal error has been detected by the Java Runtime Environment:
#
#  EXCEPTION_ACCESS_VIOLATION (0xc0000005) at pc=0x00007ff876558a4c, pid=6100, tid=11272
#
# JRE version: Java(TM) SE Runtime Environment (17.0.10+11) (build 17.0.10+11-LTS-240)
# Java VM: Java HotSpot(TM) 64-Bit Server VM (17.0.10+11-LTS-240, mixed mode, sharing, tiered, compressed oops, compressed class ptrs, g1 gc, windows-amd64)
# Problematic frame:
# C  [ucrtbase.dll+0x18a4c]
#
# No core dump will be written. Minidumps are not enabled by default on client versions of Windows
#
# If you would like to submit a bug report, please visit:
#   https://bugreport.java.com/bugreport/crash.jsp
#

---------------  S U M M A R Y ------------

Command Line: -Dfile.encoding=UTF-8 --module-path=C:\Users\DELL\Documents\Ariba\AirlineManagementSystem-master\AirlineManagementSystem-master\AirlineManagementSystem\build\classes airlinemanagementsystem.BoardingPass

Host: Intel(R) Core(TM) i5-6300U CPU @ 2.40GHz, 4 cores, 7G,  Windows 10 , 64 bit Build 19041 (10.0.19041.4597)
Time: Thu Jul 25 16:29:55 2024 India Standard Time elapsed time: 1.331356 seconds (0d 0h 0m 1s)

---------------  T H R E A D  ---------------

Current thread (0x000001f8b00d0500):  JavaThread "C2 CompilerThread0" daemon [_thread_in_native, id=11272, stack(0x000000b75cb00000,0x000000b75cc00000)]


Current CompileTask:
C2:   1331  752   !   4       sun.awt.image.PNGImageDecoder::produceImage (1917 bytes)

Stack: [0x000000b75cb00000,0x000000b75cc00000],  sp=0x000000b75cbfa500,  free space=1001k
Native frames: (J=compiled Java code, j=interpreted, Vv=VM code, C=native code)
C  [ucrtbase.dll+0x18a4c]
C  [ucrtbase.dll+0x17ea9]
C  [ucrtbase.dll+0x1a3f4]
C  [ucrtbase.dll+0x1a587]
C  [ucrtbase.dll+0x1b216]
C  [ucrtbase.dll+0x1b347]
C  [ucrtbase.dll+0x1b3e4]
C  [awt.dll+0x754dd]


siginfo: EXCEPTION_ACCESS_VIOLATION (0xc0000005), writing address 0x0000000000000000


Registers:
RAX=0x000001f89077356a, RBX=0x00007ff87662f540, RCX=0x0000000000000000, RDX=0x000001f8907735a0
RSP=0x000000b75cbfa500, RBP=0x000000b75cbfa6c0, RSI=0x0000000000000000, RDI=0x0000000000000000
R8 =0x0000000000002282, R9 =0x0000000000000002, R10=0x000001f8907735a0, R11=0x00007ff876630980
R12=0x000001f8f7872e18, R13=0x0000000000000000, R14=0x00007ff87660bc10, R15=0x0000000000000001
RIP=0x00007ff876558a4c, EFLAGS=0x0000000000010246


Register to memory mapping:

RIP=0x00007ff876558a4c ucrtbase.dll
RAX=0x000001f89077356a points into unknown readable memory: 00 00 00 00 00 00
RBX=0x00007ff87662f540 ucrtbase.dll
RCX=0x0 is NULL
RDX=0x000001f8907735a0 points into unknown readable memory: 0xffffffffffffffff | ff ff ff ff ff ff ff ff
RSP=0x000000b75cbfa500 is pointing into the stack for thread: 0x000001f8b00d0500
RBP=0x000000b75cbfa6c0 is pointing into the stack for thread: 0x000001f8b00d0500
RSI=0x0 is NULL
RDI=0x0 is NULL
R8 =0x0000000000002282 is an unknown value
R9 =0x0000000000000002 is an unknown value
R10=0x000001f8907735a0 points into unknown readable memory: 0xffffffffffffffff | ff ff ff ff ff ff ff ff
R11=0x00007ff876630980 ucrtbase.dll
R12=0x000001f8f7872e18 points into unknown readable memory: 0x00007ff83b9c50a0 | a0 50 9c 3b f8 7f 00 00
R13=0x0 is NULL
R14=0x00007ff87660bc10 ucrtbase.dll
R15=0x0000000000000001 is an unknown value


Top of Stack: (sp=0x000000b75cbfa500)
0x000000b75cbfa500:   0000000000000190 000000b75cbfb650
0x000000b75cbfa510:   000001f8f73e7ba0 000001f8928f7650
0x000000b75cbfa520:   000000000000006a 00007ff876557ea9
0x000000b75cbfa530:   000001f8f751c86a 00007ff87662f540
0x000000b75cbfa540:   000000b75cbfaaa8 000001f8f73e7ba0
0x000000b75cbfa550:   00000000ffffffff 00007ff87655a3f4
0x000000b75cbfa560:   000000b75cbfa640 000001f8f73e7bc0
0x000000b75cbfa570:   000001f8b00b8030 000000b75cbfb650
0x000000b75cbfa580:   00007ff83b9d3598 00007ff87655a587
0x000000b75cbfa590:   000000b75cbfe600 000001f8b00b8030
0x000000b75cbfa5a0:   000001f8b00b8030 0000000000004000
0x000000b75cbfa5b0:   000001f8b0419180 00007ff87655b216
0x000000b75cbfa5c0:   000000b75cbfab40 000000b75cbfab00
0x000000b75cbfa5d0:   00007ff87662f540 0000000000000000
0x000000b75cbfa5e0:   000000b75cbfa5f8 000000b75cbfa5f0
0x000000b75cbfa5f0:   000000b75cbfabe0 000000b75cbfa620 

Instructions: (pc=0x00007ff876558a4c)
0x00007ff87655894c:   cc cc cc cc 48 63 d2 e9 78 ff ff ff cc cc cc cc
0x00007ff87655895c:   cc cc cc cc 48 89 5c 24 08 48 89 74 24 10 57 48
0x00007ff87655896c:   83 ec 20 41 8b d9 49 8b f8 48 8b f2 e8 63 d6 ff
0x00007ff87655897c:   ff 90 44 8b c3 48 8b d7 48 8b ce e8 64 81 00 00
0x00007ff87655898c:   8b d8 e8 dd d5 ff ff 8b c3 48 8b 5c 24 30 48 8b
0x00007ff87655899c:   74 24 38 48 83 c4 20 5f c3 cc cc cc cc cc cc cc
0x00007ff8765589ac:   cc cc cc cc 45 8b c8 4c 8b c2 48 8b d1 e9 a2 ff
0x00007ff8765589bc:   ff ff cc cc cc cc cc cc 48 89 5c 24 10 48 89 74
0x00007ff8765589cc:   24 18 88 4c 24 08 57 48 83 ec 20 48 8b ca 48 8b
0x00007ff8765589dc:   da e8 9e f8 ff ff 8b 4b 14 4c 63 c8 f6 c1 c0 0f
0x00007ff8765589ec:   84 29 b5 03 00 8b 3b 33 f6 48 8b 53 08 2b 7b 08
0x00007ff8765589fc:   48 8d 42 01 48 89 03 8b 43 20 ff c8 89 43 10 85
0x00007ff876558a0c:   ff 7f 52 41 8d 41 02 83 f8 01 76 58 49 8b c9 48
0x00007ff876558a1c:   8d 15 5e 7f 0d 00 49 8b c1 48 c1 f8 06 83 e1 3f
0x00007ff876558a2c:   48 8b 04 c2 48 8d 0c c9 48 8d 14 c8 f6 42 38 20
0x00007ff876558a3c:   0f 85 b4 b4 03 00 48 8b 4b 08 3b f7 8a 44 24 30
0x00007ff876558a4c:   88 01 0f 94 c0 48 8b 5c 24 38 48 8b 74 24 40 48
0x00007ff876558a5c:   83 c4 20 5f c3 44 8b c7 41 8b c9 e8 34 f1 ff ff
0x00007ff876558a6c:   8b f0 eb d2 48 8d 15 a9 71 0d 00 eb bf cc cc cc
0x00007ff876558a7c:   cc cc cc cc 48 89 5c 24 20 48 89 4c 24 08 57 48
0x00007ff876558a8c:   83 ec 30 48 89 64 24 20 48 8b d9 48 85 c9 0f 84
0x00007ff876558a9c:   96 b4 03 00 48 8d 79 30 48 8b cf ff 15 7b 0b 0a
0x00007ff876558aac:   00 90 48 89 5c 24 48 48 8d 4c 24 48 e8 db b7 05
0x00007ff876558abc:   00 0f ba e0 0c 72 6d 48 89 5c 24 50 48 8d 4c 24
0x00007ff876558acc:   50 e8 2a c9 05 00 8d 48 02 4c 63 c8 4c 8d 15 a1
0x00007ff876558adc:   7e 0d 00 83 f9 01 76 6e 4d 8b c1 49 c1 f8 06 49
0x00007ff876558aec:   8b c9 83 e1 3f 48 8d 14 c9 4b 8b 0c c2 4c 8d 04
0x00007ff876558afc:   d1 48 8d 0d 1c 71 0d 00 41 80 78 39 00 75 53 83
0x00007ff876558b0c:   c0 02 83 f8 01 76 17 49 8b c1 48 c1 f8 06 41 83
0x00007ff876558b1c:   e1 3f 4b 8d 0c c9 49 8b 04 c2 48 8d 0c c8 f6 41
0x00007ff876558b2c:   3d 01 75 2e 83 6b 10 01 78 10 48 8b 03 0f b6 10
0x00007ff876558b3c:   48 ff c0 48 89 03 8b da eb 3a 48 8b cb e8 f2 f5 


Stack slot to memory mapping:
stack at sp + 0 slots: 0x0000000000000190 is an unknown value
stack at sp + 1 slots: 0x000000b75cbfb650 is pointing into the stack for thread: 0x000001f8b00d0500
stack at sp + 2 slots: 0x000001f8f73e7ba0 points into unknown readable memory: 0x000001f8f797d8a0 | a0 d8 97 f7 f8 01 00 00
stack at sp + 3 slots: 0x000001f8928f7650 points into unknown readable memory: 0x0000000000000000 | 00 00 00 00 00 00 00 00
stack at sp + 4 slots: 0x000000000000006a is an unknown value
stack at sp + 5 slots: 0x00007ff876557ea9 ucrtbase.dll
stack at sp + 6 slots: 0x000001f8f751c86a points into unknown readable memory: 00 00 00 00 00 00
stack at sp + 7 slots: 0x00007ff87662f540 ucrtbase.dll


---------------  P R O C E S S  ---------------

Threads class SMR info:
_java_thread_list=0x000001f8f7fb2740, length=18, elements={
0x000001f8b00a7f20, 0x000001f8b00a9b60, 0x000001f8b00b9460, 0x000001f8b00b9d30,
0x000001f8b00ba600, 0x000001f8b00bc2e0, 0x000001f8b00d0500, 0x000001f8b00d4240,
0x000001f8b00d7750, 0x000001f8b02d34f0, 0x000001f8b0393f10, 0x000001f8b04cbc80,
0x000001f8b0560010, 0x000001f8b05604f0, 0x000001f8b05f1c30, 0x000001f8f74c2290,
0x000001f8f770e1b0, 0x000001f8f770cd70
}

Java Threads: ( => current thread )
  0x000001f8b00a7f20 JavaThread "Reference Handler" daemon [_thread_blocked, id=9164, stack(0x000000b75c500000,0x000000b75c600000)]
  0x000001f8b00a9b60 JavaThread "Finalizer" daemon [_thread_blocked, id=7608, stack(0x000000b75c600000,0x000000b75c700000)]
  0x000001f8b00b9460 JavaThread "Signal Dispatcher" daemon [_thread_blocked, id=9436, stack(0x000000b75c700000,0x000000b75c800000)]
  0x000001f8b00b9d30 JavaThread "Attach Listener" daemon [_thread_blocked, id=5880, stack(0x000000b75c800000,0x000000b75c900000)]
  0x000001f8b00ba600 JavaThread "Service Thread" daemon [_thread_blocked, id=2256, stack(0x000000b75c900000,0x000000b75ca00000)]
  0x000001f8b00bc2e0 JavaThread "Monitor Deflation Thread" daemon [_thread_blocked, id=12360, stack(0x000000b75ca00000,0x000000b75cb00000)]
=>0x000001f8b00d0500 JavaThread "C2 CompilerThread0" daemon [_thread_in_native, id=11272, stack(0x000000b75cb00000,0x000000b75cc00000)]
  0x000001f8b00d4240 JavaThread "C1 CompilerThread0" daemon [_thread_blocked, id=256, stack(0x000000b75cc00000,0x000000b75cd00000)]
  0x000001f8b00d7750 JavaThread "Sweeper thread" daemon [_thread_blocked, id=1528, stack(0x000000b75cd00000,0x000000b75ce00000)]
  0x000001f8b02d34f0 JavaThread "Common-Cleaner" daemon [_thread_blocked, id=9912, stack(0x000000b75ce00000,0x000000b75cf00000)]
  0x000001f8b0393f10 JavaThread "Notification Thread" daemon [_thread_blocked, id=9176, stack(0x000000b75cf00000,0x000000b75d000000)]
  0x000001f8b04cbc80 JavaThread "Java2D Disposer" daemon [_thread_blocked, id=7812, stack(0x000000b75d100000,0x000000b75d200000)]
  0x000001f8b0560010 JavaThread "AWT-Shutdown" [_thread_blocked, id=13108, stack(0x000000b75d200000,0x000000b75d300000)]
  0x000001f8b05604f0 JavaThread "AWT-Windows" daemon [_thread_in_native, id=12396, stack(0x000000b75d300000,0x000000b75d400000)]
  0x000001f8b05f1c30 JavaThread "Image Fetcher 0" daemon [_thread_blocked, id=11576, stack(0x000000b75d400000,0x000000b75d500000)]
  0x000001f8f74c2290 JavaThread "AWT-EventQueue-0" [_thread_blocked, id=5232, stack(0x000000b75d500000,0x000000b75d600000)]
  0x000001f8f770e1b0 JavaThread "DestroyJavaVM" [_thread_blocked, id=14056, stack(0x000000b75be00000,0x000000b75bf00000)]
  0x000001f8f770cd70 JavaThread "TimerQueue" daemon [_thread_in_vm, id=13840, stack(0x000000b75dc00000,0x000000b75dd00000)]

Other Threads:
  0x000001f8b00a3400 VMThread "VM Thread" [stack: 0x000000b75c400000,0x000000b75c500000] [id=5428]
  0x000001f8928955e0 WatcherThread [stack: 0x000000b75d000000,0x000000b75d100000] [id=2752]
  0x000001f89287c8a0 GCTaskThread "GC Thread#0" [stack: 0x000000b75bf00000,0x000000b75c000000] [id=8580]
  0x000001f8f724a2e0 GCTaskThread "GC Thread#1" [stack: 0x000000b75d600000,0x000000b75d700000] [id=7444]
  0x000001f8f72f5070 GCTaskThread "GC Thread#2" [stack: 0x000000b75d700000,0x000000b75d800000] [id=8412]
  0x000001f8f72f5330 GCTaskThread "GC Thread#3" [stack: 0x000000b75d800000,0x000000b75d900000] [id=9152]
  0x000001f89288d3c0 ConcurrentGCThread "G1 Main Marker" [stack: 0x000000b75c000000,0x000000b75c100000] [id=2572]
  0x000001f89288e480 ConcurrentGCThread "G1 Conc#0" [stack: 0x000000b75c100000,0x000000b75c200000] [id=3320]
  0x000001f8aff60090 ConcurrentGCThread "G1 Refine#0" [stack: 0x000000b75c200000,0x000000b75c300000] [id=4000]
  0x000001f8aff619e0 ConcurrentGCThread "G1 Service" [stack: 0x000000b75c300000,0x000000b75c400000] [id=6200]

Threads with active compile tasks:
C2 CompilerThread0     1456  752   !   4       sun.awt.image.PNGImageDecoder::produceImage (1917 bytes)

VM state: not at safepoint (normal execution)

VM Mutex/Monitor currently owned by a thread: None

Heap address: 0x0000000081a00000, size: 2022 MB, Compressed Oops mode: 32-bit

CDS archive(s) mapped at: [0x000001f8b1000000-0x000001f8b1bd0000-0x000001f8b1bd0000), size 12386304, SharedBaseAddress: 0x000001f8b1000000, ArchiveRelocationMode: 1.
Compressed class space mapped at: 0x000001f8b2000000-0x000001f8f2000000, reserved size: 1073741824
Narrow klass base: 0x000001f8b1000000, Narrow klass shift: 0, Narrow klass range: 0x100000000

GC Precious Log:
 CPUs: 4 total, 4 available
 Memory: 8083M
 Large Page Support: Disabled
 NUMA Support: Disabled
 Compressed Oops: Enabled (32-bit)
 Heap Region Size: 1M
 Heap Min Capacity: 8M
 Heap Initial Capacity: 128M
 Heap Max Capacity: 2022M
 Pre-touch: Disabled
 Parallel Workers: 4
 Concurrent Workers: 1
 Concurrent Refinement Workers: 4
 Periodic GC: Disabled

Heap:
 garbage-first heap   total 131072K, used 38474K [0x0000000081a00000, 0x0000000100000000)
  region size 1024K, 29 young (29696K), 1 survivors (1024K)
 Metaspace       used 8137K, committed 8384K, reserved 1114112K
  class space    used 919K, committed 1024K, reserved 1048576K

Heap Regions: E=young(eden), S=young(survivor), O=old, HS=humongous(starts), HC=humongous(continues), CS=collection set, F=free, OA=open archive, CA=closed archive, TAMS=top-at-mark-start (previous, next)
|   0|0x0000000081a00000, 0x0000000081b00000, 0x0000000081b00000|100%|HS|  |TAMS 0x0000000081a00000, 0x0000000081a00000| Complete 
|   1|0x0000000081b00000, 0x0000000081c00000, 0x0000000081c00000|100%|HC|  |TAMS 0x0000000081b00000, 0x0000000081b00000| Complete 
|   2|0x0000000081c00000, 0x0000000081d00000, 0x0000000081d00000|100%|HC|  |TAMS 0x0000000081c00000, 0x0000000081c00000| Complete 
|   3|0x0000000081d00000, 0x0000000081e00000, 0x0000000081e00000|100%|HC|  |TAMS 0x0000000081d00000, 0x0000000081d00000| Complete 
|   4|0x0000000081e00000, 0x0000000081f00000, 0x0000000081f00000|100%| O|  |TAMS 0x0000000081e00000, 0x0000000081e00000| Untracked 
|   5|0x0000000081f00000, 0x0000000082000000, 0x0000000082000000|100%| O|  |TAMS 0x0000000081f00000, 0x0000000081f00000| Untracked 
|   6|0x0000000082000000, 0x0000000082091200, 0x0000000082100000| 56%| O|  |TAMS 0x0000000082000000, 0x0000000082000000| Untracked 
|   7|0x0000000082100000, 0x0000000082200000, 0x0000000082200000|100%|HS|  |TAMS 0x0000000082100000, 0x0000000082100000| Complete 
|   8|0x0000000082200000, 0x0000000082300000, 0x0000000082300000|100%|HC|  |TAMS 0x0000000082200000, 0x0000000082200000| Complete 
|   9|0x0000000082300000, 0x0000000082400000, 0x0000000082400000|100%|HC|  |TAMS 0x0000000082300000, 0x0000000082300000| Complete 
|  10|0x0000000082400000, 0x0000000082500000, 0x0000000082500000|100%|HC|  |TAMS 0x0000000082400000, 0x0000000082400000| Complete 
|  11|0x0000000082500000, 0x0000000082500000, 0x0000000082600000|  0%| F|  |TAMS 0x0000000082500000, 0x0000000082500000| Untracked 
|  12|0x0000000082600000, 0x0000000082600000, 0x0000000082700000|  0%| F|  |TAMS 0x0000000082600000, 0x0000000082600000| Untracked 
|  13|0x0000000082700000, 0x0000000082700000, 0x0000000082800000|  0%| F|  |TAMS 0x0000000082700000, 0x0000000082700000| Untracked 
|  14|0x0000000082800000, 0x0000000082800000, 0x0000000082900000|  0%| F|  |TAMS 0x0000000082800000, 0x0000000082800000| Untracked 
|  15|0x0000000082900000, 0x0000000082900000, 0x0000000082a00000|  0%| F|  |TAMS 0x0000000082900000, 0x0000000082900000| Untracked 
|  16|0x0000000082a00000, 0x0000000082a00000, 0x0000000082b00000|  0%| F|  |TAMS 0x0000000082a00000, 0x0000000082a00000| Untracked 
|  17|0x0000000082b00000, 0x0000000082b00000, 0x0000000082c00000|  0%| F|  |TAMS 0x0000000082b00000, 0x0000000082b00000| Untracked 
|  18|0x0000000082c00000, 0x0000000082c00000, 0x0000000082d00000|  0%| F|  |TAMS 0x0000000082c00000, 0x0000000082c00000| Untracked 
|  19|0x0000000082d00000, 0x0000000082d00000, 0x0000000082e00000|  0%| F|  |TAMS 0x0000000082d00000, 0x0000000082d00000| Untracked 
|  20|0x0000000082e00000, 0x0000000082e00000, 0x0000000082f00000|  0%| F|  |TAMS 0x0000000082e00000, 0x0000000082e00000| Untracked 
|  21|0x0000000082f00000, 0x0000000082f00000, 0x0000000083000000|  0%| F|  |TAMS 0x0000000082f00000, 0x0000000082f00000| Untracked 
|  22|0x0000000083000000, 0x0000000083000000, 0x0000000083100000|  0%| F|  |TAMS 0x0000000083000000, 0x0000000083000000| Untracked 
|  23|0x0000000083100000, 0x0000000083100000, 0x0000000083200000|  0%| F|  |TAMS 0x0000000083100000, 0x0000000083100000| Untracked 
|  24|0x0000000083200000, 0x0000000083200000, 0x0000000083300000|  0%| F|  |TAMS 0x0000000083200000, 0x0000000083200000| Untracked 
|  25|0x0000000083300000, 0x0000000083300000, 0x0000000083400000|  0%| F|  |TAMS 0x0000000083300000, 0x0000000083300000| Untracked 
|  26|0x0000000083400000, 0x0000000083400000, 0x0000000083500000|  0%| F|  |TAMS 0x0000000083400000, 0x0000000083400000| Untracked 
|  27|0x0000000083500000, 0x0000000083500000, 0x0000000083600000|  0%| F|  |TAMS 0x0000000083500000, 0x0000000083500000| Untracked 
|  28|0x0000000083600000, 0x0000000083600000, 0x0000000083700000|  0%| F|  |TAMS 0x0000000083600000, 0x0000000083600000| Untracked 
|  29|0x0000000083700000, 0x0000000083700000, 0x0000000083800000|  0%| F|  |TAMS 0x0000000083700000, 0x0000000083700000| Untracked 
|  30|0x0000000083800000, 0x0000000083800000, 0x0000000083900000|  0%| F|  |TAMS 0x0000000083800000, 0x0000000083800000| Untracked 
|  31|0x0000000083900000, 0x0000000083900000, 0x0000000083a00000|  0%| F|  |TAMS 0x0000000083900000, 0x0000000083900000| Untracked 
|  32|0x0000000083a00000, 0x0000000083a00000, 0x0000000083b00000|  0%| F|  |TAMS 0x0000000083a00000, 0x0000000083a00000| Untracked 
|  33|0x0000000083b00000, 0x0000000083b00000, 0x0000000083c00000|  0%| F|  |TAMS 0x0000000083b00000, 0x0000000083b00000| Untracked 
|  34|0x0000000083c00000, 0x0000000083c00000, 0x0000000083d00000|  0%| F|  |TAMS 0x0000000083c00000, 0x0000000083c00000| Untracked 
|  35|0x0000000083d00000, 0x0000000083d00000, 0x0000000083e00000|  0%| F|  |TAMS 0x0000000083d00000, 0x0000000083d00000| Untracked 
|  36|0x0000000083e00000, 0x0000000083e00000, 0x0000000083f00000|  0%| F|  |TAMS 0x0000000083e00000, 0x0000000083e00000| Untracked 
|  37|0x0000000083f00000, 0x0000000083f00000, 0x0000000084000000|  0%| F|  |TAMS 0x0000000083f00000, 0x0000000083f00000| Untracked 
|  38|0x0000000084000000, 0x0000000084000000, 0x0000000084100000|  0%| F|  |TAMS 0x0000000084000000, 0x0000000084000000| Untracked 
|  39|0x0000000084100000, 0x0000000084100000, 0x0000000084200000|  0%| F|  |TAMS 0x0000000084100000, 0x0000000084100000| Untracked 
|  40|0x0000000084200000, 0x0000000084200000, 0x0000000084300000|  0%| F|  |TAMS 0x0000000084200000, 0x0000000084200000| Untracked 
|  41|0x0000000084300000, 0x0000000084300000, 0x0000000084400000|  0%| F|  |TAMS 0x0000000084300000, 0x0000000084300000| Untracked 
|  42|0x0000000084400000, 0x0000000084400000, 0x0000000084500000|  0%| F|  |TAMS 0x0000000084400000, 0x0000000084400000| Untracked 
|  43|0x0000000084500000, 0x0000000084500000, 0x0000000084600000|  0%| F|  |TAMS 0x0000000084500000, 0x0000000084500000| Untracked 
|  44|0x0000000084600000, 0x0000000084600000, 0x0000000084700000|  0%| F|  |TAMS 0x0000000084600000, 0x0000000084600000| Untracked 
|  45|0x0000000084700000, 0x0000000084700000, 0x0000000084800000|  0%| F|  |TAMS 0x0000000084700000, 0x0000000084700000| Untracked 
|  46|0x0000000084800000, 0x0000000084800000, 0x0000000084900000|  0%| F|  |TAMS 0x0000000084800000, 0x0000000084800000| Untracked 
|  47|0x0000000084900000, 0x0000000084900000, 0x0000000084a00000|  0%| F|  |TAMS 0x0000000084900000, 0x0000000084900000| Untracked 
|  48|0x0000000084a00000, 0x0000000084a00000, 0x0000000084b00000|  0%| F|  |TAMS 0x0000000084a00000, 0x0000000084a00000| Untracked 
|  49|0x0000000084b00000, 0x0000000084b00000, 0x0000000084c00000|  0%| F|  |TAMS 0x0000000084b00000, 0x0000000084b00000| Untracked 
|  50|0x0000000084c00000, 0x0000000084c00000, 0x0000000084d00000|  0%| F|  |TAMS 0x0000000084c00000, 0x0000000084c00000| Untracked 
|  51|0x0000000084d00000, 0x0000000084d00000, 0x0000000084e00000|  0%| F|  |TAMS 0x0000000084d00000, 0x0000000084d00000| Untracked 
|  52|0x0000000084e00000, 0x0000000084e01830, 0x0000000084f00000|  0%| S|CS|TAMS 0x0000000084e00000, 0x0000000084e00000| Complete 
|  53|0x0000000084f00000, 0x0000000084f00000, 0x0000000085000000|  0%| F|  |TAMS 0x0000000084f00000, 0x0000000084f00000| Untracked 
|  54|0x0000000085000000, 0x0000000085000000, 0x0000000085100000|  0%| F|  |TAMS 0x0000000085000000, 0x0000000085000000| Untracked 
|  55|0x0000000085100000, 0x0000000085100000, 0x0000000085200000|  0%| F|  |TAMS 0x0000000085100000, 0x0000000085100000| Untracked 
|  56|0x0000000085200000, 0x0000000085200000, 0x0000000085300000|  0%| F|  |TAMS 0x0000000085200000, 0x0000000085200000| Untracked 
|  57|0x0000000085300000, 0x0000000085300000, 0x0000000085400000|  0%| F|  |TAMS 0x0000000085300000, 0x0000000085300000| Untracked 
|  58|0x0000000085400000, 0x0000000085400000, 0x0000000085500000|  0%| F|  |TAMS 0x0000000085400000, 0x0000000085400000| Untracked 
|  59|0x0000000085500000, 0x0000000085500000, 0x0000000085600000|  0%| F|  |TAMS 0x0000000085500000, 0x0000000085500000| Untracked 
|  60|0x0000000085600000, 0x0000000085600000, 0x0000000085700000|  0%| F|  |TAMS 0x0000000085600000, 0x0000000085600000| Untracked 
|  61|0x0000000085700000, 0x0000000085700000, 0x0000000085800000|  0%| F|  |TAMS 0x0000000085700000, 0x0000000085700000| Untracked 
|  62|0x0000000085800000, 0x0000000085800000, 0x0000000085900000|  0%| F|  |TAMS 0x0000000085800000, 0x0000000085800000| Untracked 
|  63|0x0000000085900000, 0x0000000085900000, 0x0000000085a00000|  0%| F|  |TAMS 0x0000000085900000, 0x0000000085900000| Untracked 
|  64|0x0000000085a00000, 0x0000000085a00000, 0x0000000085b00000|  0%| F|  |TAMS 0x0000000085a00000, 0x0000000085a00000| Untracked 
|  65|0x0000000085b00000, 0x0000000085b00000, 0x0000000085c00000|  0%| F|  |TAMS 0x0000000085b00000, 0x0000000085b00000| Untracked 
|  66|0x0000000085c00000, 0x0000000085c00000, 0x0000000085d00000|  0%| F|  |TAMS 0x0000000085c00000, 0x0000000085c00000| Untracked 
|  67|0x0000000085d00000, 0x0000000085d00000, 0x0000000085e00000|  0%| F|  |TAMS 0x0000000085d00000, 0x0000000085d00000| Untracked 
|  68|0x0000000085e00000, 0x0000000085e00000, 0x0000000085f00000|  0%| F|  |TAMS 0x0000000085e00000, 0x0000000085e00000| Untracked 
|  69|0x0000000085f00000, 0x0000000085f00000, 0x0000000086000000|  0%| F|  |TAMS 0x0000000085f00000, 0x0000000085f00000| Untracked 
|  70|0x0000000086000000, 0x0000000086000000, 0x0000000086100000|  0%| F|  |TAMS 0x0000000086000000, 0x0000000086000000| Untracked 
|  71|0x0000000086100000, 0x0000000086100000, 0x0000000086200000|  0%| F|  |TAMS 0x0000000086100000, 0x0000000086100000| Untracked 
|  72|0x0000000086200000, 0x0000000086200000, 0x0000000086300000|  0%| F|  |TAMS 0x0000000086200000, 0x0000000086200000| Untracked 
|  73|0x0000000086300000, 0x0000000086300000, 0x0000000086400000|  0%| F|  |TAMS 0x0000000086300000, 0x0000000086300000| Untracked 
|  74|0x0000000086400000, 0x0000000086400000, 0x0000000086500000|  0%| F|  |TAMS 0x0000000086400000, 0x0000000086400000| Untracked 
|  75|0x0000000086500000, 0x0000000086500000, 0x0000000086600000|  0%| F|  |TAMS 0x0000000086500000, 0x0000000086500000| Untracked 
|  76|0x0000000086600000, 0x0000000086600000, 0x0000000086700000|  0%| F|  |TAMS 0x0000000086600000, 0x0000000086600000| Untracked 
|  77|0x0000000086700000, 0x0000000086700000, 0x0000000086800000|  0%| F|  |TAMS 0x0000000086700000, 0x0000000086700000| Untracked 
|  78|0x0000000086800000, 0x0000000086800000, 0x0000000086900000|  0%| F|  |TAMS 0x0000000086800000, 0x0000000086800000| Untracked 
|  79|0x0000000086900000, 0x0000000086900000, 0x0000000086a00000|  0%| F|  |TAMS 0x0000000086900000, 0x0000000086900000| Untracked 
|  80|0x0000000086a00000, 0x0000000086a00000, 0x0000000086b00000|  0%| F|  |TAMS 0x0000000086a00000, 0x0000000086a00000| Untracked 
|  81|0x0000000086b00000, 0x0000000086b00000, 0x0000000086c00000|  0%| F|  |TAMS 0x0000000086b00000, 0x0000000086b00000| Untracked 
|  82|0x0000000086c00000, 0x0000000086c00000, 0x0000000086d00000|  0%| F|  |TAMS 0x0000000086c00000, 0x0000000086c00000| Untracked 
|  83|0x0000000086d00000, 0x0000000086d00000, 0x0000000086e00000|  0%| F|  |TAMS 0x0000000086d00000, 0x0000000086d00000| Untracked 
|  84|0x0000000086e00000, 0x0000000086e00000, 0x0000000086f00000|  0%| F|  |TAMS 0x0000000086e00000, 0x0000000086e00000| Untracked 
|  85|0x0000000086f00000, 0x0000000086f00000, 0x0000000087000000|  0%| F|  |TAMS 0x0000000086f00000, 0x0000000086f00000| Untracked 
|  86|0x0000000087000000, 0x0000000087000000, 0x0000000087100000|  0%| F|  |TAMS 0x0000000087000000, 0x0000000087000000| Untracked 
|  87|0x0000000087100000, 0x0000000087100000, 0x0000000087200000|  0%| F|  |TAMS 0x0000000087100000, 0x0000000087100000| Untracked 
|  88|0x0000000087200000, 0x0000000087200000, 0x0000000087300000|  0%| F|  |TAMS 0x0000000087200000, 0x0000000087200000| Untracked 
|  89|0x0000000087300000, 0x0000000087300000, 0x0000000087400000|  0%| F|  |TAMS 0x0000000087300000, 0x0000000087300000| Untracked 
|  90|0x0000000087400000, 0x0000000087400000, 0x0000000087500000|  0%| F|  |TAMS 0x0000000087400000, 0x0000000087400000| Untracked 
|  91|0x0000000087500000, 0x0000000087500000, 0x0000000087600000|  0%| F|  |TAMS 0x0000000087500000, 0x0000000087500000| Untracked 
|  92|0x0000000087600000, 0x0000000087600000, 0x0000000087700000|  0%| F|  |TAMS 0x0000000087600000, 0x0000000087600000| Untracked 
|  93|0x0000000087700000, 0x0000000087700000, 0x0000000087800000|  0%| F|  |TAMS 0x0000000087700000, 0x0000000087700000| Untracked 
|  94|0x0000000087800000, 0x0000000087800000, 0x0000000087900000|  0%| F|  |TAMS 0x0000000087800000, 0x0000000087800000| Untracked 
|  95|0x0000000087900000, 0x0000000087900000, 0x0000000087a00000|  0%| F|  |TAMS 0x0000000087900000, 0x0000000087900000| Untracked 
|  96|0x0000000087a00000, 0x0000000087a00000, 0x0000000087b00000|  0%| F|  |TAMS 0x0000000087a00000, 0x0000000087a00000| Untracked 
|  97|0x0000000087b00000, 0x0000000087b00000, 0x0000000087c00000|  0%| F|  |TAMS 0x0000000087b00000, 0x0000000087b00000| Untracked 
|  98|0x0000000087c00000, 0x0000000087c00000, 0x0000000087d00000|  0%| F|  |TAMS 0x0000000087c00000, 0x0000000087c00000| Untracked 
|  99|0x0000000087d00000, 0x0000000087d00000, 0x0000000087e00000|  0%| F|  |TAMS 0x0000000087d00000, 0x0000000087d00000| Untracked 
| 100|0x0000000087e00000, 0x0000000087e80800, 0x0000000087f00000| 50%| E|  |TAMS 0x0000000087e00000, 0x0000000087e00000| Complete 
| 101|0x0000000087f00000, 0x0000000088000000, 0x0000000088000000|100%| E|CS|TAMS 0x0000000087f00000, 0x0000000087f00000| Complete 
| 102|0x0000000088000000, 0x0000000088100000, 0x0000000088100000|100%| E|CS|TAMS 0x0000000088000000, 0x0000000088000000| Complete 
| 103|0x0000000088100000, 0x0000000088200000, 0x0000000088200000|100%| E|CS|TAMS 0x0000000088100000, 0x0000000088100000| Complete 
| 104|0x0000000088200000, 0x0000000088300000, 0x0000000088300000|100%| E|CS|TAMS 0x0000000088200000, 0x0000000088200000| Complete 
| 105|0x0000000088300000, 0x0000000088400000, 0x0000000088400000|100%| E|CS|TAMS 0x0000000088300000, 0x0000000088300000| Complete 
| 106|0x0000000088400000, 0x0000000088500000, 0x0000000088500000|100%| E|CS|TAMS 0x0000000088400000, 0x0000000088400000| Complete 
| 107|0x0000000088500000, 0x0000000088600000, 0x0000000088600000|100%| E|CS|TAMS 0x0000000088500000, 0x0000000088500000| Complete 
| 108|0x0000000088600000, 0x0000000088700000, 0x0000000088700000|100%| E|CS|TAMS 0x0000000088600000, 0x0000000088600000| Complete 
| 109|0x0000000088700000, 0x0000000088800000, 0x0000000088800000|100%| E|CS|TAMS 0x0000000088700000, 0x0000000088700000| Complete 
| 110|0x0000000088800000, 0x0000000088900000, 0x0000000088900000|100%| E|CS|TAMS 0x0000000088800000, 0x0000000088800000| Complete 
| 111|0x0000000088900000, 0x0000000088a00000, 0x0000000088a00000|100%| E|CS|TAMS 0x0000000088900000, 0x0000000088900000| Complete 
| 112|0x0000000088a00000, 0x0000000088b00000, 0x0000000088b00000|100%| E|CS|TAMS 0x0000000088a00000, 0x0000000088a00000| Complete 
| 113|0x0000000088b00000, 0x0000000088c00000, 0x0000000088c00000|100%| E|CS|TAMS 0x0000000088b00000, 0x0000000088b00000| Complete 
| 114|0x0000000088c00000, 0x0000000088d00000, 0x0000000088d00000|100%| E|CS|TAMS 0x0000000088c00000, 0x0000000088c00000| Complete 
| 115|0x0000000088d00000, 0x0000000088e00000, 0x0000000088e00000|100%| E|CS|TAMS 0x0000000088d00000, 0x0000000088d00000| Complete 
| 116|0x0000000088e00000, 0x0000000088f00000, 0x0000000088f00000|100%| E|CS|TAMS 0x0000000088e00000, 0x0000000088e00000| Complete 
| 117|0x0000000088f00000, 0x0000000089000000, 0x0000000089000000|100%| E|CS|TAMS 0x0000000088f00000, 0x0000000088f00000| Complete 
| 118|0x0000000089000000, 0x0000000089100000, 0x0000000089100000|100%| E|CS|TAMS 0x0000000089000000, 0x0000000089000000| Complete 
| 119|0x0000000089100000, 0x0000000089200000, 0x0000000089200000|100%| E|CS|TAMS 0x0000000089100000, 0x0000000089100000| Complete 
| 120|0x0000000089200000, 0x0000000089300000, 0x0000000089300000|100%| E|CS|TAMS 0x0000000089200000, 0x0000000089200000| Complete 
| 121|0x0000000089300000, 0x0000000089400000, 0x0000000089400000|100%| E|CS|TAMS 0x0000000089300000, 0x0000000089300000| Complete 
| 122|0x0000000089400000, 0x0000000089500000, 0x0000000089500000|100%| E|CS|TAMS 0x0000000089400000, 0x0000000089400000| Complete 
| 123|0x0000000089500000, 0x0000000089600000, 0x0000000089600000|100%| E|CS|TAMS 0x0000000089500000, 0x0000000089500000| Complete 
| 124|0x0000000089600000, 0x0000000089700000, 0x0000000089700000|100%| E|CS|TAMS 0x0000000089600000, 0x0000000089600000| Complete 
| 125|0x0000000089700000, 0x0000000089800000, 0x0000000089800000|100%| E|CS|TAMS 0x0000000089700000, 0x0000000089700000| Complete 
| 126|0x0000000089800000, 0x0000000089900000, 0x0000000089900000|100%| E|CS|TAMS 0x0000000089800000, 0x0000000089800000| Complete 
| 127|0x0000000089900000, 0x0000000089a00000, 0x0000000089a00000|100%| E|CS|TAMS 0x0000000089900000, 0x0000000089900000| Complete 

Card table byte_map: [0x000001f8a94e0000,0x000001f8a98e0000] _byte_map_base: 0x000001f8a90d3000

Marking Bits (Prev, Next): (CMBitMap*) 0x000001f89287cdd0, (CMBitMap*) 0x000001f89287ce10
 Prev Bits: [0x000001f8a9ce0000, 0x000001f8abc78000)
 Next Bits: [0x000001f8abc80000, 0x000001f8adc18000)

Polling page: 0x000001f890730000

Metaspace:

Usage:
  Non-class:      7.05 MB used.
      Class:    919.37 KB used.
       Both:      7.95 MB used.

Virtual space:
  Non-class space:       64.00 MB reserved,       7.19 MB ( 11%) committed,  1 nodes.
      Class space:        1.00 GB reserved,       1.00 MB ( <1%) committed,  1 nodes.
             Both:        1.06 GB reserved,       8.19 MB ( <1%) committed. 

Chunk freelists:
   Non-Class:  8.49 MB
       Class:  15.05 MB
        Both:  23.53 MB

MaxMetaspaceSize: unlimited
CompressedClassSpaceSize: 1.00 GB
Initial GC threshold: 21.00 MB
Current GC threshold: 21.00 MB
CDS: on
MetaspaceReclaimPolicy: balanced
 - commit_granule_bytes: 65536.
 - commit_granule_words: 8192.
 - virtual_space_node_default_size: 8388608.
 - enlarge_chunks_in_place: 1.
 - new_chunks_are_fully_committed: 0.
 - uncommit_free_chunks: 1.
 - use_allocation_guard: 0.
 - handle_deallocations: 1.


Internal statistics:

num_allocs_failed_limit: 0.
num_arena_births: 120.
num_arena_deaths: 0.
num_vsnodes_births: 2.
num_vsnodes_deaths: 0.
num_space_committed: 131.
num_space_uncommitted: 0.
num_chunks_returned_to_freelist: 0.
num_chunks_taken_from_freelist: 177.
num_chunk_merges: 0.
num_chunk_splits: 92.
num_chunks_enlarged: 21.
num_inconsistent_stats: 0.

CodeHeap 'non-profiled nmethods': size=120000Kb used=286Kb max_used=286Kb free=119713Kb
 bounds [0x000001f8a1bb0000, 0x000001f8a1e20000, 0x000001f8a90e0000]
CodeHeap 'profiled nmethods': size=120000Kb used=1592Kb max_used=1592Kb free=118407Kb
 bounds [0x000001f89a0e0000, 0x000001f89a350000, 0x000001f8a1610000]
CodeHeap 'non-nmethods': size=5760Kb used=1273Kb max_used=1273Kb free=4486Kb
 bounds [0x000001f8a1610000, 0x000001f8a1880000, 0x000001f8a1bb0000]
 total_blobs=1533 nmethods=930 adapters=516
 compilation: enabled
              stopped_count=0, restarted_count=0
 full_count=0

Compilation events (20 events):
Event: 1.287 Thread 0x000001f8b00d4240  893       3       jdk.internal.misc.Unsafe::convEndian (16 bytes)
Event: 1.287 Thread 0x000001f8b00d4240 nmethod 893 0x000001f89a25e410 code [0x000001f89a25e5a0, 0x000001f89a25e778]
Event: 1.287 Thread 0x000001f8b00d4240  895       3       jdk.internal.misc.Unsafe::getIntUnaligned (12 bytes)
Event: 1.288 Thread 0x000001f8b00d4240 nmethod 895 0x000001f89a25e810 code [0x000001f89a25e9c0, 0x000001f89a25ec18]
Event: 1.288 Thread 0x000001f8b00d4240  896       3       java.nio.ByteBufferAsIntBufferB::get (30 bytes)
Event: 1.288 Thread 0x000001f8b00d4240 nmethod 896 0x000001f89a25ed10 code [0x000001f89a25ef60, 0x000001f89a25f7e8]
Event: 1.290 Thread 0x000001f8b00d4240  897   !   3       java.lang.Thread::blockedOn (27 bytes)
Event: 1.291 Thread 0x000001f8b00d4240 nmethod 897 0x000001f89a25fb90 code [0x000001f89a25fd40, 0x000001f89a25ff98]
Event: 1.299 Thread 0x000001f8b00d4240  899       3       sun.nio.ch.FileChannelImpl::ensureOpen (16 bytes)
Event: 1.299 Thread 0x000001f8b00d4240 nmethod 899 0x000001f89a260090 code [0x000001f89a260240, 0x000001f89a2604c8]
Event: 1.299 Thread 0x000001f8b00d4240  900       3       sun.nio.ch.FileChannelImpl::beginBlocking (12 bytes)
Event: 1.299 Thread 0x000001f8b00d4240 nmethod 900 0x000001f89a260610 code [0x000001f89a2607c0, 0x000001f89a260928]
Event: 1.300 Thread 0x000001f8b00d4240  901       3       java.nio.ByteBuffer::position (8 bytes)
Event: 1.300 Thread 0x000001f8b00d4240 nmethod 901 0x000001f89a260a10 code [0x000001f89a260ba0, 0x000001f89a260ce8]
Event: 1.308 Thread 0x000001f8b00d4240  902       3       java.lang.Double::isNaN (12 bytes)
Event: 1.309 Thread 0x000001f8b00d4240 nmethod 902 0x000001f89a260d90 code [0x000001f89a260f20, 0x000001f89a261098]
Event: 1.309 Thread 0x000001f8b00d4240  903   !   3       javax.swing.JComponent::getClientProperty (56 bytes)
Event: 1.309 Thread 0x000001f8b00d4240 nmethod 903 0x000001f89a261110 code [0x000001f89a2612e0, 0x000001f89a261668]
Event: 1.313 Thread 0x000001f8b00d4240  904       1       java.awt.Component::isVisible_NoClientCode (5 bytes)
Event: 1.313 Thread 0x000001f8b00d4240 nmethod 904 0x000001f8a1bf5d90 code [0x000001f8a1bf5f20, 0x000001f8a1bf5ff8]

GC Heap History (12 events):
Event: 0.481 GC heap before
{Heap before GC invocations=0 (full 0):
 garbage-first heap   total 131072K, used 17408K [0x0000000081a00000, 0x0000000100000000)
  region size 1024K, 13 young (13312K), 0 survivors (0K)
 Metaspace       used 5973K, committed 6144K, reserved 1114112K
  class space    used 665K, committed 768K, reserved 1048576K
}
Event: 0.487 GC heap after
{Heap after GC invocations=1 (full 0):
 garbage-first heap   total 131072K, used 6712K [0x0000000081a00000, 0x0000000100000000)
  region size 1024K, 2 young (2048K), 2 survivors (2048K)
 Metaspace       used 5973K, committed 6144K, reserved 1114112K
  class space    used 665K, committed 768K, reserved 1048576K
}
Event: 0.534 GC heap before
{Heap before GC invocations=1 (full 0):
 garbage-first heap   total 131072K, used 22072K [0x0000000081a00000, 0x0000000100000000)
  region size 1024K, 17 young (17408K), 2 survivors (2048K)
 Metaspace       used 5975K, committed 6144K, reserved 1114112K
  class space    used 665K, committed 768K, reserved 1048576K
}
Event: 0.537 GC heap after
{Heap after GC invocations=2 (full 0):
 garbage-first heap   total 131072K, used 6814K [0x0000000081a00000, 0x0000000100000000)
  region size 1024K, 1 young (1024K), 1 survivors (1024K)
 Metaspace       used 5975K, committed 6144K, reserved 1114112K
  class space    used 665K, committed 768K, reserved 1048576K
}
Event: 0.693 GC heap before
{Heap before GC invocations=2 (full 0):
 garbage-first heap   total 131072K, used 83614K [0x0000000081a00000, 0x0000000100000000)
  region size 1024K, 76 young (77824K), 1 survivors (1024K)
 Metaspace       used 5986K, committed 6144K, reserved 1114112K
  class space    used 665K, committed 768K, reserved 1048576K
}
Event: 0.694 GC heap after
{Heap after GC invocations=3 (full 0):
 garbage-first heap   total 131072K, used 6769K [0x0000000081a00000, 0x0000000100000000)
  region size 1024K, 1 young (1024K), 1 survivors (1024K)
 Metaspace       used 5986K, committed 6144K, reserved 1114112K
  class space    used 665K, committed 768K, reserved 1048576K
}
Event: 0.814 GC heap before
{Heap before GC invocations=3 (full 0):
 garbage-first heap   total 131072K, used 83569K [0x0000000081a00000, 0x0000000100000000)
  region size 1024K, 76 young (77824K), 1 survivors (1024K)
 Metaspace       used 5990K, committed 6144K, reserved 1114112K
  class space    used 665K, committed 768K, reserved 1048576K
}
Event: 0.814 GC heap after
{Heap after GC invocations=4 (full 0):
 garbage-first heap   total 131072K, used 6747K [0x0000000081a00000, 0x0000000100000000)
  region size 1024K, 1 young (1024K), 1 survivors (1024K)
 Metaspace       used 5990K, committed 6144K, reserved 1114112K
  class space    used 665K, committed 768K, reserved 1048576K
}
Event: 0.910 GC heap before
{Heap before GC invocations=4 (full 0):
 garbage-first heap   total 131072K, used 83547K [0x0000000081a00000, 0x0000000100000000)
  region size 1024K, 76 young (77824K), 1 survivors (1024K)
 Metaspace       used 5992K, committed 6208K, reserved 1114112K
  class space    used 665K, committed 768K, reserved 1048576K
}
Event: 0.911 GC heap after
{Heap after GC invocations=5 (full 0):
 garbage-first heap   total 131072K, used 6730K [0x0000000081a00000, 0x0000000100000000)
  region size 1024K, 1 young (1024K), 1 survivors (1024K)
 Metaspace       used 5992K, committed 6208K, reserved 1114112K
  class space    used 665K, committed 768K, reserved 1048576K
}
Event: 1.009 GC heap before
{Heap before GC invocations=5 (full 0):
 garbage-first heap   total 131072K, used 83530K [0x0000000081a00000, 0x0000000100000000)
  region size 1024K, 76 young (77824K), 1 survivors (1024K)
 Metaspace       used 5992K, committed 6208K, reserved 1114112K
  class space    used 665K, committed 768K, reserved 1048576K
}
Event: 1.009 GC heap after
{Heap after GC invocations=6 (full 0):
 garbage-first heap   total 131072K, used 6730K [0x0000000081a00000, 0x0000000100000000)
  region size 1024K, 1 young (1024K), 1 survivors (1024K)
 Metaspace       used 5992K, committed 6208K, reserved 1114112K
  class space    used 665K, committed 768K, reserved 1048576K
}

Deoptimization events (20 events):
Event: 1.051 Thread 0x000001f8b05f1c30 DEOPT PACKING pc=0x000001f89a228db1 sp=0x000000b75d4fec60
Event: 1.051 Thread 0x000001f8b05f1c30 DEOPT UNPACKING pc=0x000001f8a1662b43 sp=0x000000b75d4fe198 mode 0
Event: 1.057 Thread 0x000001f8b05f1c30 DEOPT PACKING pc=0x000001f89a228db1 sp=0x000000b75d4fec60
Event: 1.057 Thread 0x000001f8b05f1c30 DEOPT UNPACKING pc=0x000001f8a1662b43 sp=0x000000b75d4fe198 mode 0
Event: 1.062 Thread 0x000001f8b05f1c30 DEOPT PACKING pc=0x000001f89a228db1 sp=0x000000b75d4fec60
Event: 1.062 Thread 0x000001f8b05f1c30 DEOPT UNPACKING pc=0x000001f8a1662b43 sp=0x000000b75d4fe198 mode 0
Event: 1.068 Thread 0x000001f8b05f1c30 DEOPT PACKING pc=0x000001f89a228db1 sp=0x000000b75d4fec60
Event: 1.068 Thread 0x000001f8b05f1c30 DEOPT UNPACKING pc=0x000001f8a1662b43 sp=0x000000b75d4fe198 mode 0
Event: 1.073 Thread 0x000001f8b05f1c30 DEOPT PACKING pc=0x000001f89a228db1 sp=0x000000b75d4fec60
Event: 1.073 Thread 0x000001f8b05f1c30 DEOPT UNPACKING pc=0x000001f8a1662b43 sp=0x000000b75d4fe198 mode 0
Event: 1.079 Thread 0x000001f8b05f1c30 DEOPT PACKING pc=0x000001f89a228db1 sp=0x000000b75d4fec60
Event: 1.079 Thread 0x000001f8b05f1c30 DEOPT UNPACKING pc=0x000001f8a1662b43 sp=0x000000b75d4fe198 mode 0
Event: 1.088 Thread 0x000001f8b05f1c30 DEOPT PACKING pc=0x000001f89a228db1 sp=0x000000b75d4fec60
Event: 1.088 Thread 0x000001f8b05f1c30 DEOPT UNPACKING pc=0x000001f8a1662b43 sp=0x000000b75d4fe198 mode 0
Event: 1.097 Thread 0x000001f8b05f1c30 DEOPT PACKING pc=0x000001f89a228db1 sp=0x000000b75d4fec60
Event: 1.097 Thread 0x000001f8b05f1c30 DEOPT UNPACKING pc=0x000001f8a1662b43 sp=0x000000b75d4fe198 mode 0
Event: 1.147 Thread 0x000001f8928224c0 Uncommon trap: trap_request=0xffffff45 fr.pc=0x000001f8a1bddae8 relative=0x0000000000000368
Event: 1.147 Thread 0x000001f8928224c0 Uncommon trap: reason=unstable_if action=reinterpret pc=0x000001f8a1bddae8 method=java.lang.StringUTF16.compress([CI[BII)I @ 20 c2
Event: 1.147 Thread 0x000001f8928224c0 DEOPT PACKING pc=0x000001f8a1bddae8 sp=0x000000b75befcd50
Event: 1.147 Thread 0x000001f8928224c0 DEOPT UNPACKING pc=0x000001f8a16623a3 sp=0x000000b75befccd0 mode 2

Classes unloaded (0 events):
No events

Classes redefined (0 events):
No events

Internal exceptions (16 events):
Event: 0.091 Thread 0x000001f8928224c0 Exception <a 'sun/nio/fs/WindowsException'{0x0000000089831598}> (0x0000000089831598) 
thrown [s\open\src\hotspot\share\prims\jni.cpp, line 516]
Event: 0.091 Thread 0x000001f8928224c0 Exception <a 'sun/nio/fs/WindowsException'{0x0000000089831c40}> (0x0000000089831c40) 
thrown [s\open\src\hotspot\share\prims\jni.cpp, line 516]
Event: 0.092 Thread 0x000001f8928224c0 Exception <a 'sun/nio/fs/WindowsException'{0x0000000089834808}> (0x0000000089834808) 
thrown [s\open\src\hotspot\share\prims\jni.cpp, line 516]
Event: 0.138 Thread 0x000001f8928224c0 Exception <a 'java/lang/ClassNotFoundException'{0x000000008970d338}: sun/awt/resources/spi/awtProvider> (0x000000008970d338) 
thrown [s\open\src\hotspot\share\classfile\systemDictionary.cpp, line 256]
Event: 0.159 Thread 0x000001f8928224c0 Exception <a 'java/io/FileNotFoundException'{0x000000008975fa50}> (0x000000008975fa50) 
thrown [s\open\src\hotspot\share\prims\jni.cpp, line 516]
Event: 0.166 Thread 0x000001f8928224c0 Exception <a 'java/io/FileNotFoundException'{0x000000008978cb90}> (0x000000008978cb90) 
thrown [s\open\src\hotspot\share\prims\jni.cpp, line 516]
Event: 0.206 Thread 0x000001f8928224c0 Exception <a 'java/lang/NoSuchMethodError'{0x00000000897d0e68}: 'java.lang.Object java.lang.invoke.DirectMethodHandle$Holder.invokeStaticInit(java.lang.Object)'> (0x00000000897d0e68) 
thrown [s\open\src\hotspot\share\interpreter\linkResolver.cpp, line 759]
Event: 0.245 Thread 0x000001f8928224c0 Exception <a 'java/lang/NoSuchMethodError'{0x0000000089660b98}: 'void java.lang.invoke.DirectMethodHandle$Holder.invokeSpecial(java.lang.Object, java.lang.Object, java.lang.Object)'> (0x0000000089660b98) 
thrown [s\open\src\hotspot\share\interpreter\linkResolver.cpp, line 759]
Event: 0.254 Thread 0x000001f8928224c0 Exception <a 'java/lang/NoSuchMethodError'{0x000000008968b000}: 'java.lang.Object java.lang.invoke.DirectMethodHandle$Holder.newInvokeSpecial(java.lang.Object, java.lang.Object, java.lang.Object, java.lang.Object, java.lang.Object)'> (0x000000008968b000) 
thrown [s\open\src\hotspot\share\interpreter\linkResolver.cpp, line 759]
Event: 0.256 Thread 0x000001f8928224c0 Exception <a 'java/lang/NoSuchMethodError'{0x00000000896969c8}: 'java.lang.Object java.lang.invoke.DirectMethodHandle$Holder.invokeStatic(java.lang.Object, int, java.lang.Object, java.lang.Object, java.lang.Object, java.lang.Object)'> (0x00000000896969c8) 
thrown [s\open\src\hotspot\share\interpreter\linkResolver.cpp, line 759]
Event: 0.261 Thread 0x000001f8928224c0 Exception <a 'java/lang/NoSuchMethodError'{0x00000000896bc188}: 'java.lang.Object java.lang.invoke.DirectMethodHandle$Holder.invokeStatic(java.lang.Object, int, java.lang.Object)'> (0x00000000896bc188) 
thrown [s\open\src\hotspot\share\interpreter\linkResolver.cpp, line 759]
Event: 0.294 Thread 0x000001f8928224c0 Exception <a 'java/lang/ClassNotFoundException'{0x0000000089574820}: com/sun/swing/internal/plaf/metal/resources/spi/metalProvider> (0x0000000089574820) 
thrown [s\open\src\hotspot\share\classfile\systemDictionary.cpp, line 256]
Event: 0.295 Thread 0x000001f8928224c0 Exception <a 'java/lang/ClassNotFoundException'{0x0000000089578678}: com/sun/swing/internal/plaf/basic/resources/spi/basicProvider> (0x0000000089578678) 
thrown [s\open\src\hotspot\share\classfile\systemDictionary.cpp, line 256]
Event: 0.420 Thread 0x000001f8b05f1c30 Exception <a 'java/lang/NoSuchMethodError'{0x000000008934fc18}: 'java.lang.Object java.lang.invoke.DirectMethodHandle$Holder.newInvokeSpecial(java.lang.Object, java.lang.Object, java.lang.Object, int, int, int, int, int)'> (0x000000008934fc18) 
thrown [s\open\src\hotspot\share\interpreter\linkResolver.cpp, line 759]
Event: 1.112 Thread 0x000001f8b05604f0 Exception <a 'java/lang/NoSuchMethodError'{0x0000000088089300}: 'void java.lang.invoke.DirectMethodHandle$Holder.invokeVirtual(java.lang.Object, java.lang.Object)'> (0x0000000088089300) 
thrown [s\open\src\hotspot\share\interpreter\linkResolver.cpp, line 759]
Event: 1.131 Thread 0x000001f8928224c0 Exception <a 'java/lang/NoSuchMethodError'{0x0000000088026980}: 'void java.lang.invoke.DirectMethodHandle$Holder.invokeStaticInit(java.lang.Object)'> (0x0000000088026980) 
thrown [s\open\src\hotspot\share\interpreter\linkResolver.cpp, line 759]

VM Operations (20 events):
Event: 0.325 Executing VM operation: HandshakeAllThreads
Event: 0.325 Executing VM operation: HandshakeAllThreads done
Event: 0.481 Executing VM operation: G1CollectForAllocation
Event: 0.487 Executing VM operation: G1CollectForAllocation done
Event: 0.534 Executing VM operation: G1CollectForAllocation
Event: 0.537 Executing VM operation: G1CollectForAllocation done
Event: 0.693 Executing VM operation: G1CollectForAllocation
Event: 0.694 Executing VM operation: G1CollectForAllocation done
Event: 0.814 Executing VM operation: G1CollectForAllocation
Event: 0.814 Executing VM operation: G1CollectForAllocation done
Event: 0.910 Executing VM operation: G1CollectForAllocation
Event: 0.911 Executing VM operation: G1CollectForAllocation done
Event: 1.008 Executing VM operation: G1CollectForAllocation
Event: 1.009 Executing VM operation: G1CollectForAllocation done
Event: 1.039 Executing VM operation: HandshakeAllThreads
Event: 1.039 Executing VM operation: HandshakeAllThreads done
Event: 1.158 Executing VM operation: HandshakeAllThreads
Event: 1.158 Executing VM operation: HandshakeAllThreads done
Event: 1.250 Executing VM operation: HandshakeAllThreads
Event: 1.250 Executing VM operation: HandshakeAllThreads done

Events (20 events):
Event: 1.280 loading class sun/font/FontDesignMetrics$KeyReference
Event: 1.280 loading class sun/font/FontDesignMetrics$KeyReference done
Event: 1.280 loading class sun/awt/image/BufImgSurfaceManager
Event: 1.280 loading class sun/awt/image/BufImgSurfaceManager done
Event: 1.280 loading class sun/java2d/loops/MaskBlit$General
Event: 1.280 loading class sun/java2d/loops/GraphicsPrimitive$GeneralBinaryOp
Event: 1.281 loading class sun/java2d/loops/GraphicsPrimitive$GeneralBinaryOp done
Event: 1.281 loading class sun/java2d/loops/MaskBlit$General done
Event: 1.283 loading class sun/font/SunFontManager$FamilyDescription
Event: 1.283 loading class sun/font/SunFontManager$FamilyDescription done
Event: 1.283 loading class sun/font/SunFontManager$5
Event: 1.284 loading class sun/font/SunFontManager$5 done
Event: 1.291 loading class java/awt/print/PrinterGraphics
Event: 1.291 loading class java/awt/print/PrinterGraphics done
Event: 1.291 loading class java/awt/PrintGraphics
Event: 1.291 loading class java/awt/PrintGraphics done
Event: 1.291 loading class sun/java2d/loops/FontInfo
Event: 1.292 loading class sun/java2d/loops/FontInfo done
Event: 1.314 loading class sun/font/CompositeGlyphMapper
Event: 1.314 loading class sun/font/CompositeGlyphMapper done


Dynamic libraries:
0x00007ff735520000 - 0x00007ff735530000 	C:\Program Files\Java\jdk-17\bin\java.exe
0x00007ff878c70000 - 0x00007ff878e68000 	C:\Windows\SYSTEM32\ntdll.dll
0x00007ff877f30000 - 0x00007ff877ff1000 	C:\Windows\System32\KERNEL32.DLL
0x00007ff876740000 - 0x00007ff876a36000 	C:\Windows\System32\KERNELBASE.dll
0x00007ff876540000 - 0x00007ff876640000 	C:\Windows\System32\ucrtbase.dll
0x00007ff83b0d0000 - 0x00007ff83b0eb000 	C:\Program Files\Java\jdk-17\bin\VCRUNTIME140.dll
0x00007ff86a2b0000 - 0x00007ff86a2c9000 	C:\Program Files\Java\jdk-17\bin\jli.dll
0x00007ff8788c0000 - 0x00007ff878970000 	C:\Windows\System32\ADVAPI32.dll
0x00007ff8784e0000 - 0x00007ff87857e000 	C:\Windows\System32\msvcrt.dll
0x00007ff878b10000 - 0x00007ff878bb0000 	C:\Windows\System32\sechost.dll
0x00007ff878720000 - 0x00007ff878843000 	C:\Windows\System32\RPCRT4.dll
0x00007ff876510000 - 0x00007ff876537000 	C:\Windows\System32\bcrypt.dll
0x00007ff877770000 - 0x00007ff87790f000 	C:\Windows\System32\USER32.dll
0x00007ff876320000 - 0x00007ff876342000 	C:\Windows\System32\win32u.dll
0x00007ff878300000 - 0x00007ff87832b000 	C:\Windows\System32\GDI32.dll
0x00007ff85f760000 - 0x00007ff85f9fa000 	C:\Windows\WinSxS\amd64_microsoft.windows.common-controls_6595b64144ccf1df_6.0.19041.4355_none_60b8b9eb71f62e16\COMCTL32.dll
0x00007ff8763f0000 - 0x00007ff876507000 	C:\Windows\System32\gdi32full.dll
0x00007ff876350000 - 0x00007ff8763ed000 	C:\Windows\System32\msvcp_win.dll
0x00007ff8714e0000 - 0x00007ff8714ea000 	C:\Windows\SYSTEM32\VERSION.dll
0x00007ff8783e0000 - 0x00007ff87840f000 	C:\Windows\System32\IMM32.DLL
0x00007ff8627d0000 - 0x00007ff8627dc000 	C:\Program Files\Java\jdk-17\bin\vcruntime140_1.dll
0x00007ff862ce0000 - 0x00007ff862d6e000 	C:\Program Files\Java\jdk-17\bin\msvcp140.dll
0x00007ff83b0f0000 - 0x00007ff83bccf000 	C:\Program Files\Java\jdk-17\bin\server\jvm.dll
0x00007ff878850000 - 0x00007ff878858000 	C:\Windows\System32\PSAPI.DLL
0x00007ff863820000 - 0x00007ff863829000 	C:\Windows\SYSTEM32\WSOCK32.dll
0x00007ff878290000 - 0x00007ff8782fb000 	C:\Windows\System32\WS2_32.dll
0x00007ff85d710000 - 0x00007ff85d737000 	C:\Windows\SYSTEM32\WINMM.dll
0x00007ff874b30000 - 0x00007ff874b42000 	C:\Windows\SYSTEM32\kernel.appcore.dll
0x00007ff83dd30000 - 0x00007ff83dd3a000 	C:\Program Files\Java\jdk-17\bin\jimage.dll
0x00007ff874090000 - 0x00007ff874274000 	C:\Windows\SYSTEM32\DBGHELP.DLL
0x00007ff861f10000 - 0x00007ff861f44000 	C:\Windows\SYSTEM32\dbgcore.DLL
0x00007ff876c10000 - 0x00007ff876c92000 	C:\Windows\System32\bcryptPrimitives.dll
0x00007ff83b060000 - 0x00007ff83b085000 	C:\Program Files\Java\jdk-17\bin\java.dll
0x00007ff83af80000 - 0x00007ff83b057000 	C:\Program Files\Java\jdk-17\bin\jsvml.dll
0x00007ff876ca0000 - 0x00007ff87740c000 	C:\Windows\System32\SHELL32.dll
0x00007ff874380000 - 0x00007ff874b1e000 	C:\Windows\SYSTEM32\windows.storage.dll
0x00007ff877410000 - 0x00007ff877763000 	C:\Windows\System32\combase.dll
0x00007ff875c70000 - 0x00007ff875c9e000 	C:\Windows\SYSTEM32\Wldp.dll
0x00007ff878410000 - 0x00007ff8784dd000 	C:\Windows\System32\OLEAUT32.dll
0x00007ff878330000 - 0x00007ff8783dd000 	C:\Windows\System32\SHCORE.dll
0x00007ff878970000 - 0x00007ff8789c5000 	C:\Windows\System32\shlwapi.dll
0x00007ff876250000 - 0x00007ff876274000 	C:\Windows\SYSTEM32\profapi.dll
0x00007ff83af40000 - 0x00007ff83af59000 	C:\Program Files\Java\jdk-17\bin\net.dll
0x00007ff86e210000 - 0x00007ff86e31a000 	C:\Windows\SYSTEM32\WINHTTP.dll
0x00007ff8759d0000 - 0x00007ff875a3a000 	C:\Windows\system32\mswsock.dll
0x00007ff83af20000 - 0x00007ff83af36000 	C:\Program Files\Java\jdk-17\bin\nio.dll
0x00007ff83af00000 - 0x00007ff83af18000 	C:\Program Files\Java\jdk-17\bin\zip.dll
0x00007ff829260000 - 0x00007ff8293f1000 	C:\Program Files\Java\jdk-17\bin\awt.dll
0x00007ff872700000 - 0x00007ff872794000 	C:\Windows\SYSTEM32\apphelp.dll
0x00007ff873b00000 - 0x00007ff873b2f000 	C:\Windows\system32\DWMAPI.DLL
0x00007ff8738f0000 - 0x00007ff87398e000 	C:\Windows\system32\uxtheme.dll
0x00007ff85ad50000 - 0x00007ff85ae78000 	C:\Windows\system32\opengl32.dll
0x00007ff85bc20000 - 0x00007ff85bc4c000 	C:\Windows\SYSTEM32\GLU32.dll
0x00007ff877910000 - 0x00007ff877a24000 	C:\Windows\System32\MSCTF.dll
0x00007ff878590000 - 0x00007ff8786bb000 	C:\Windows\System32\ole32.dll
0x00007ff83ad60000 - 0x00007ff83ade7000 	C:\Program Files\Java\jdk-17\bin\freetype.dll
0x00007ff83ac80000 - 0x00007ff83ad53000 	C:\Program Files\Java\jdk-17\bin\fontmanager.dll
0x00007ff878a00000 - 0x00007ff878aa9000 	C:\Windows\System32\clbcatq.dll
0x00007ff873660000 - 0x00007ff873816000 	C:\Windows\SYSTEM32\WindowsCodecs.dll
0x00007ff859d30000 - 0x00007ff859d6e000 	C:\Windows\system32\dataexchange.dll
0x00007ff871120000 - 0x00007ff871304000 	C:\Windows\system32\dcomp.dll
0x00007ff8707a0000 - 0x00007ff870a03000 	C:\Windows\system32\d3d11.dll
0x00007ff874ba0000 - 0x00007ff874c95000 	C:\Windows\system32\dxgi.dll
0x00007ff870000000 - 0x00007ff870203000 	C:\Windows\system32\twinapi.appcore.dll
0x00007ff869cf0000 - 0x00007ff869de9000 	C:\Windows\SYSTEM32\textinputframework.dll
0x00007ff8715c0000 - 0x00007ff87191b000 	C:\Windows\System32\CoreUIComponents.dll
0x00007ff871ca0000 - 0x00007ff871d92000 	C:\Windows\System32\CoreMessaging.dll
0x00007ff875410000 - 0x00007ff875443000 	C:\Windows\SYSTEM32\ntmarta.dll
0x00007ff872af0000 - 0x00007ff872c47000 	C:\Windows\SYSTEM32\wintypes.dll

dbghelp: loaded successfully - version: 4.0.5 - missing functions: none
symbol engine: initialized successfully - sym options: 0x614 - pdb path: .;C:\Program Files\Java\jdk-17\bin;C:\Windows\SYSTEM32;C:\Windows\WinSxS\amd64_microsoft.windows.common-controls_6595b64144ccf1df_6.0.19041.4355_none_60b8b9eb71f62e16;C:\Program Files\Java\jdk-17\bin\server

VM Arguments:
jvm_args: -Dfile.encoding=UTF-8 --module-path=C:\Users\DELL\Documents\Ariba\AirlineManagementSystem-master\AirlineManagementSystem-master\AirlineManagementSystem\build\classes 
java_command: airlinemanagementsystem.BoardingPass
java_class_path (initial): C:\Users\DELL\Documents\jcalendar-tz-1.3.3-4.jar;C:\Users\DELL\Documents\rs2xml.jar;C:\Users\DELL\Documents\Ariba\rs2xml.jar;C:\Users\DELL\Documents\Ariba\mysql-connector-java-8.0.28.jar;C:\Users\DELL\Documents\Ariba\AirlineManagementSystem-master\AirlineManagementSystem-master\AirlineManagementSystem\build\classes
Launcher Type: SUN_STANDARD

[Global flags]
     intx CICompilerCount                          = 3                                         {product} {ergonomic}
     uint ConcGCThreads                            = 1                                         {product} {ergonomic}
     uint G1ConcRefinementThreads                  = 4                                         {product} {ergonomic}
   size_t G1HeapRegionSize                         = 1048576                                   {product} {ergonomic}
    uintx GCDrainStackTargetSize                   = 64                                        {product} {ergonomic}
   size_t InitialHeapSize                          = 134217728                                 {product} {ergonomic}
   size_t MarkStackSize                            = 4194304                                   {product} {ergonomic}
   size_t MaxHeapSize                              = 2120220672                                {product} {ergonomic}
   size_t MaxNewSize                               = 1271922688                                {product} {ergonomic}
   size_t MinHeapDeltaBytes                        = 1048576                                   {product} {ergonomic}
   size_t MinHeapSize                              = 8388608                                   {product} {ergonomic}
    uintx NonNMethodCodeHeapSize                   = 5832780                                {pd product} {ergonomic}
    uintx NonProfiledCodeHeapSize                  = 122912730                              {pd product} {ergonomic}
    uintx ProfiledCodeHeapSize                     = 122912730                              {pd product} {ergonomic}
    uintx ReservedCodeCacheSize                    = 251658240                              {pd product} {ergonomic}
     bool SegmentedCodeCache                       = true                                      {product} {ergonomic}
   size_t SoftMaxHeapSize                          = 2120220672                             {manageable} {ergonomic}
     bool UseCompressedClassPointers               = true                           {product lp64_product} {ergonomic}
     bool UseCompressedOops                        = true                           {product lp64_product} {ergonomic}
     bool UseG1GC                                  = true                                      {product} {ergonomic}
     bool UseLargePagesIndividualAllocation        = false                                  {pd product} {ergonomic}

Logging:
Log output configuration:
 #0: stdout all=warning uptime,level,tags
 #1: stderr all=off uptime,level,tags

Environment Variables:
JAVA_HOME=C:\Program Files\Java\jdk1.8.0_331
PATH=C:\Program Files\Common Files\Oracle\Java\javapath;C:\Windows\system32;C:\Windows;C:\Windows\System32\Wbem;C:\Windows\System32\WindowsPowerShell\v1.0\;C:\Windows\System32\OpenSSH\;C:\Program Files\Java\jdk1.8.0_331\bin;C:\Program Files\Java\jdk-17\bin;C:\Program Files\MySQL\MySQL Shell 8.0\bin\;C:\Users\DELL\AppData\Local\Microsoft\WindowsApps;
USERNAME=DELL
OS=Windows_NT
PROCESSOR_IDENTIFIER=Intel64 Family 6 Model 78 Stepping 3, GenuineIntel



---------------  S Y S T E M  ---------------

OS:
 Windows 10 , 64 bit Build 19041 (10.0.19041.4597)
OS uptime: 0 days 17:12 hours

CPU: total 4 (initial active 4) (2 cores per cpu, 2 threads per core) family 6 model 78 stepping 3 microcode 0xe2, cx8, cmov, fxsr, ht, mmx, 3dnowpref, sse, sse2, sse3, ssse3, sse4.1, sse4.2, popcnt, lzcnt, tsc, tscinvbit, avx, avx2, aes, erms, clmul, bmi1, bmi2, rtm, adx, fma, vzeroupper, clflush, clflushopt

Memory: 4k page, system-wide physical 8083M (367M free)
TotalPageFile size 15737M (AvailPageFile size 2M)
current process WorkingSet (physical memory assigned to process): 156M, peak: 156M
current process commit charge ("private bytes"): 231M, peak: 234M

vm_info: Java HotSpot(TM) 64-Bit Server VM (17.0.10+11-LTS-240) for windows-amd64 JRE (17.0.10+11-LTS-240), built on Dec 19 2023 21:47:25 by "mach5one" with MS VC++ 17.1 (VS2022)

END.
